<?xml version="1.0" encoding="UTF-8"?>
<!-- Generated by org.testng.reporters.JUnitReportReporter -->
<testsuite hostname="DESKTOP-JNN26VP" failures="0" tests="1" name="AppiumProject.GoogleChrome3" time="77.766" errors="0" timestamp="2020-12-14T11:58:02 IST" skipped="0">
  <testcase classname="AppiumProject.GoogleChrome3" name="PopupLogin" time="77.766"/>
</testsuite> <!-- AppiumProject.GoogleChrome3 -->
