<?xml version="1.0" encoding="UTF-8"?>
<!-- Generated by org.testng.reporters.JUnitReportReporter -->
<testsuite hostname="DESKTOP-JNN26VP" failures="0" tests="1" name="AppiumProject.GoogleChrome2" time="30.247" errors="0" timestamp="2020-12-14T11:58:02 IST" skipped="0">
  <testcase classname="AppiumProject.GoogleChrome2" name="LoginPage" time="30.247"/>
</testsuite> <!-- AppiumProject.GoogleChrome2 -->
