<?xml version="1.0" encoding="UTF-8"?>
<!-- Generated by org.testng.reporters.JUnitReportReporter -->
<testsuite hostname="DESKTOP-JNN26VP" failures="0" tests="1" name="AppiumProject.GoogleChrome1" time="33.195" errors="0" timestamp="2020-12-14T11:58:02 IST" skipped="0">
  <testcase classname="AppiumProject.GoogleChrome1" name="chrome" time="33.195"/>
</testsuite> <!-- AppiumProject.GoogleChrome1 -->
