<?xml version="1.0" encoding="UTF-8"?>
<!-- Generated by org.testng.reporters.JUnitReportReporter -->
<testsuite hostname="DESKTOP-JNN26VP" failures="0" tests="1" name="LMS_Project.Activity8" time="18.962" errors="0" timestamp="2020-11-20T10:34:39 IST" skipped="0">
  <testcase classname="LMS_Project.Activity8" name="ContactUs" time="18.962"/>
</testsuite> <!-- LMS_Project.Activity8 -->
