<?xml version="1.0" encoding="UTF-8"?>
<!-- Generated by org.testng.reporters.JUnitReportReporter -->
<testsuite hostname="DESKTOP-JNN26VP" failures="0" tests="1" name="LMS_Project.Activity4" time="15.224" errors="0" timestamp="2020-11-20T10:32:03 IST" skipped="0">
  <testcase classname="LMS_Project.Activity4" name="VerifyTitle" time="15.224"/>
</testsuite> <!-- LMS_Project.Activity4 -->
