<?xml version="1.0" encoding="UTF-8"?>
<!-- Generated by org.testng.reporters.JUnitReportReporter -->
<testsuite hostname="DESKTOP-JNN26VP" failures="0" tests="1" name="LMS_Project.Activity5" time="14.677" errors="0" timestamp="2020-11-20T10:32:34 IST" skipped="0">
  <testcase classname="LMS_Project.Activity5" name="MyAccount" time="14.677"/>
</testsuite> <!-- LMS_Project.Activity5 -->
