<?xml version="1.0" encoding="UTF-8"?>
<!-- Generated by org.testng.reporters.JUnitReportReporter -->
<testsuite hostname="DESKTOP-JNN26VP" failures="0" tests="1" name="LMS_Project.Activity2" time="13.906" errors="0" timestamp="2020-11-20T10:30:45 IST" skipped="0">
  <testcase classname="LMS_Project.Activity2" name="Test" time="13.906"/>
</testsuite> <!-- LMS_Project.Activity2 -->
