<?xml version="1.0" encoding="UTF-8"?>
<!-- Generated by org.testng.reporters.JUnitReportReporter -->
<testsuite hostname="DESKTOP-JNN26VP" failures="0" tests="1" name="LMS_Project.Activity6" time="15.740" errors="0" timestamp="2020-11-20T10:33:43 IST" skipped="0">
  <testcase classname="LMS_Project.Activity6" name="Login" time="15.740"/>
</testsuite> <!-- LMS_Project.Activity6 -->
