<?xml version="1.0" encoding="UTF-8"?>
<!-- Generated by org.testng.reporters.JUnitReportReporter -->
<testsuite hostname="DESKTOP-JNN26VP" failures="0" tests="1" name="AppiumProject.GoogleKeep1" time="14.794" errors="0" timestamp="2020-12-14T10:37:08 IST" skipped="0">
  <testcase classname="AppiumProject.GoogleKeep1" name="NewNote" time="14.794"/>
</testsuite> <!-- AppiumProject.GoogleKeep1 -->
