<?xml version="1.0" encoding="UTF-8"?>
<!-- Generated by org.testng.reporters.JUnitReportReporter -->
<testsuite hostname="DESKTOP-JNN26VP" failures="0" tests="3" name="AppiumProject.GoogleTask1" time="16.681" errors="0" timestamp="2020-12-14T10:37:08 IST" skipped="0">
  <testcase classname="AppiumProject.GoogleTask1" name="Task3" time="4.373"/>
  <testcase classname="AppiumProject.GoogleTask1" name="Task1" time="7.747"/>
  <testcase classname="AppiumProject.GoogleTask1" name="Task2" time="4.561"/>
</testsuite> <!-- AppiumProject.GoogleTask1 -->
