<?xml version="1.0" encoding="UTF-8"?>
<!-- Generated by org.testng.reporters.JUnitReportReporter -->
<testsuite hostname="DESKTOP-JNN26VP" failures="0" tests="1" name="AppiumProject.GoogleKeep2" time="18.583" errors="0" timestamp="2020-12-14T10:37:08 IST" skipped="0">
  <testcase classname="AppiumProject.GoogleKeep2" name="ReminderNote" time="18.583"/>
</testsuite> <!-- AppiumProject.GoogleKeep2 -->
